<?xml version="1.0" encoding="UTF-8"?>
<testsuite xmlns:xsi="http://www.w3.org/2001/XMLSchema-instance" xsi:noNamespaceSchemaLocation="https://maven.apache.org/surefire/maven-surefire-plugin/xsd/surefire-test-report-3.0.xsd" version="3.0" name="br.com.techchallenge.fiap.neighborfood.framework.web.PedidoControllerTest" time="2.905" tests="3" errors="0" skipped="0" failures="0">
  <properties>
[...]
</properties>
  <testcase name="updateOrder" classname="br.com.techchallenge.fiap.neighborfood.framework.web.PedidoControllerTest" time="0.032">
    <system-out><![CDATA[2024-12-01T15:38:15.441-03:00  INFO 17452 --- [neighborfood-pedido] [           main] t.c.s.AnnotationConfigContextLoaderUtils : Could not detect default configuration classes for test class [br.com.techchallenge.fiap.neighborfood.framework.web.PedidoControllerTest]: PedidoControllerTest does not declare any static, non-private, non-final, nested classes annotated with @Configuration.
2024-12-01T15:38:15.470-03:00  INFO 17452 --- [neighborfood-pedido] [           main] .b.t.c.SpringBootTestContextBootstrapper : Found @SpringBootConfiguration br.com.techchallenge.fiap.neighborfood.NeighborfoodApplication for test class br.com.techchallenge.fiap.neighborfood.framework.web.PedidoControllerTest
 __  __                      __      __                        ___                   __                   ____    ______   ______  ____
/\ \/\ \          __        /\ \    /\ \                     /'___\                 /\ \                 /\  _`\ /\__  _\ /\  _  \/\  _`\
\ \ `\\ \     __ /\_\     __\ \ \___\ \ \____    ___   _ __ /\ \__/  ___     ___    \_\ \                \ \ \L\_\/_/\ \/ \ \ \L\ \ \ \L\ \
 \ \ , ` \  /'__`\/\ \  /'_ `\ \  _ `\ \ '__`\  / __`\/\`'__\ \ ,__\/ __`\  / __`\  /'_` \      _______   \ \  _\/  \ \ \  \ \  __ \ \ ,__/
  \ \ \`\ \/\  __/\ \ \/\ \L\ \ \ \ \ \ \ \L\ \/\ \L\ \ \ \/ \ \ \_/\ \L\ \/\ \L\ \/\ \L\ \    /\______\   \ \ \/    \_\ \__\ \ \/\ \ \ \/
   \ \_\ \_\ \____\\ \_\ \____ \ \_\ \_\ \_,__/\ \____/\ \_\  \ \_\\ \____/\ \____/\ \___,_\   \/______/    \ \_\    /\_____\\ \_\ \_\ \_\
    \/_/\/_/\/____/ \/_/\/___L\ \/_/\/_/\/___/  \/___/  \/_/   \/_/ \/___/  \/___/  \/__,_ /                 \/_/    \/_____/ \/_/\/_/\/_/
                          /\____/
                          \_/__/
 
Powered by Spring Boot 3.2.5 - project for phase 4 - postgraduate - MiguelProgrammer

2024-12-01T15:38:15.539-03:00  INFO 17452 --- [neighborfood-pedido] [           main] b.c.t.f.n.f.web.PedidoControllerTest     : Starting PedidoControllerTest using Java 17.0.6 with PID 17452 (started by Miguel Silva in C:\Users\Miguel Silva\Documents\Pos\fase4\neighborfood-pedido)
2024-12-01T15:38:15.539-03:00  INFO 17452 --- [neighborfood-pedido] [           main] b.c.t.f.n.f.web.PedidoControllerTest     : The following 1 profile is active: "dev"
2024-12-01T15:38:15.901-03:00  INFO 17452 --- [neighborfood-pedido] [           main] .s.d.r.c.RepositoryConfigurationDelegate : Bootstrapping Spring Data JPA repositories in DEFAULT mode.
2024-12-01T15:38:15.954-03:00  INFO 17452 --- [neighborfood-pedido] [           main] .s.d.r.c.RepositoryConfigurationDelegate : Finished Spring Data repository scanning in 51 ms. Found 5 JPA repository interfaces.
2024-12-01T15:38:16.139-03:00  INFO 17452 --- [neighborfood-pedido] [           main] o.hibernate.jpa.internal.util.LogHelper  : HHH000204: Processing PersistenceUnitInfo [name: default]
2024-12-01T15:38:16.147-03:00  INFO 17452 --- [neighborfood-pedido] [           main] o.h.c.internal.RegionFactoryInitiator    : HHH000026: Second-level cache disabled
2024-12-01T15:38:16.161-03:00  INFO 17452 --- [neighborfood-pedido] [           main] o.s.o.j.p.SpringPersistenceUnitInfo      : No LoadTimeWeaver setup: ignoring JPA class transformer
2024-12-01T15:38:16.165-03:00  INFO 17452 --- [neighborfood-pedido] [           main] com.zaxxer.hikari.HikariDataSource       : HikariPool-1 - Starting...
2024-12-01T15:38:16.798-03:00  INFO 17452 --- [neighborfood-pedido] [           main] com.zaxxer.hikari.pool.HikariPool        : HikariPool-1 - Added connection org.postgresql.jdbc.PgConnection@19672cb8
2024-12-01T15:38:16.803-03:00  INFO 17452 --- [neighborfood-pedido] [           main] com.zaxxer.hikari.HikariDataSource       : HikariPool-1 - Start completed.
2024-12-01T15:38:16.853-03:00  WARN 17452 --- [neighborfood-pedido] [           main] org.hibernate.orm.deprecation            : HHH90000025: PostgreSQLDialect does not need to be specified explicitly using 'hibernate.dialect' (remove the property setting and it will be selected by default)
2024-12-01T15:38:17.202-03:00  INFO 17452 --- [neighborfood-pedido] [           main] o.h.e.t.j.p.i.JtaPlatformInitiator       : HHH000489: No JTA platform available (set 'hibernate.transaction.jta.platform' to enable JTA platform integration)
Hibernate: drop table if exists adm cascade
Hibernate: drop table if exists cliente cascade
Hibernate: drop table if exists itens_pedido cascade
Hibernate: drop table if exists pedido cascade
Hibernate: drop table if exists produto cascade
Hibernate: drop sequence if exists adm_seq
Hibernate: drop sequence if exists cliente_seq
Hibernate: drop sequence if exists itens_pedido_seq
Hibernate: drop sequence if exists pedido_seq
Hibernate: drop sequence if exists produto_seq
Hibernate: create sequence adm_seq start with 1 increment by 50
Hibernate: create sequence cliente_seq start with 1 increment by 50
Hibernate: create sequence itens_pedido_seq start with 1 increment by 50
Hibernate: create sequence pedido_seq start with 1 increment by 50
Hibernate: create sequence produto_seq start with 1 increment by 50
Hibernate: create table adm (id bigint not null, cpf varchar(255), email varchar(255), nome varchar(255), notificacao varchar(255), primary key (id))
Hibernate: create table cliente (id bigint not null, id_cliente bigint, cpf varchar(255), email varchar(255), nome varchar(255), primary key (id))
Hibernate: create table itens_pedido (preco numeric(38,2), id bigint not null, id_pedido bigint, id_produto bigint, categoria varchar(255) check (categoria in ('LANCHE','ACOMPANHAMENTO','BEBIDA','SOBREMESA')), descricao varchar(255), img varchar(255), nome varchar(255), primary key (id))
Hibernate: create table pedido (total numeric(38,2), data_pedido timestamp(6), data_pedido_fim timestamp(6), id_cliente bigint, id_pedido bigint not null, status varchar(255) check (status in ('RECEBIDO','EM_PREPARACAO','PRONTO','FINALIZADO')), primary key (id_pedido))
Hibernate: create table produto (preco numeric(38,2), id bigint not null, categoria varchar(255) check (categoria in ('LANCHE','ACOMPANHAMENTO','BEBIDA','SOBREMESA')), descricao varchar(255), img varchar(255), nome varchar(255), primary key (id))
2024-12-01T15:38:17.459-03:00  INFO 17452 --- [neighborfood-pedido] [           main] j.LocalContainerEntityManagerFactoryBean : Initialized JPA EntityManagerFactory for persistence unit 'default'
2024-12-01T15:38:17.766-03:00  WARN 17452 --- [neighborfood-pedido] [           main] JpaBaseConfiguration$JpaWebConfiguration : spring.jpa.open-in-view is enabled by default. Therefore, database queries may be performed during view rendering. Explicitly configure spring.jpa.open-in-view to disable this warning
2024-12-01T15:38:18.172-03:00  INFO 17452 --- [neighborfood-pedido] [           main] b.c.t.f.n.f.web.PedidoControllerTest     : Started PedidoControllerTest in 2.695 seconds (process running for 27.003)
Hibernate: select ce1_0.id,ce1_0.cpf,ce1_0.email,ce1_0.id_cliente,ce1_0.nome from cliente ce1_0 where ce1_0.id=?
Hibernate: select ae1_0.id,ae1_0.cpf,ae1_0.email,ae1_0.nome,ae1_0.notificacao from adm ae1_0 where ae1_0.id=?
]]></system-out>
  </testcase>
  <testcase name="menu" classname="br.com.techchallenge.fiap.neighborfood.framework.web.PedidoControllerTest" time="0.049"/>
  <testcase name="order" classname="br.com.techchallenge.fiap.neighborfood.framework.web.PedidoControllerTest" time="0.01">
    <system-out><![CDATA[Hibernate: select ce1_0.id,ce1_0.cpf,ce1_0.email,ce1_0.id_cliente,ce1_0.nome from cliente ce1_0 where ce1_0.id=?
Hibernate: select ae1_0.id,ae1_0.cpf,ae1_0.email,ae1_0.nome,ae1_0.notificacao from adm ae1_0 where ae1_0.id=?
]]></system-out>
  </testcase>
</testsuite>